Apr 14, 2026 4:39:01 AM tools.descartes.dlim.httploadgenerator.runner.Director executeDirector
WARNING: Power communication address specified but no Power Communicator class provided. No power measurements will be performed.
Apr 14, 2026 4:39:03 AM tools.descartes.dlim.httploadgenerator.runner.Director executeDirector
INFO: Load Generator Thread Count set to 64
Apr 14, 2026 4:39:03 AM tools.descartes.dlim.httploadgenerator.runner.Director executeDirector
INFO: URL connection timout set to 5000 ms
Apr 14, 2026 4:39:03 AM tools.descartes.dlim.httploadgenerator.runner.Director executeDirector
INFO: Using Lua Script: /home/ubuntu/TeaStore/examples/httploadgenerator/teastore_browse.lua
Apr 14, 2026 4:39:03 AM tools.descartes.dlim.httploadgenerator.runner.LoadGeneratorCommunicator <init>
SEVERE: Could not connect to LoadGenerator.
Apr 14, 2026 4:39:03 AM tools.descartes.dlim.httploadgenerator.runner.Director process
INFO: Read 120 Arrival Rate Tuples
Exception in thread "main" java.lang.NullPointerException
	at tools.descartes.dlim.httploadgenerator.runner.LoadGeneratorCommunicator.sendArrivalRates(LoadGeneratorCommunicator.java:102)
	at tools.descartes.dlim.httploadgenerator.runner.Director.lambda$process$1(Director.java:180)
	at java.base/java.util.stream.ForEachOps$ForEachOp$OfRef.accept(ForEachOps.java:183)
	at java.base/java.util.ArrayList$ArrayListSpliterator.forEachRemaining(ArrayList.java:1655)
	at java.base/java.util.stream.AbstractPipeline.copyInto(AbstractPipeline.java:484)
	at java.base/java.util.stream.ForEachOps$ForEachTask.compute(ForEachOps.java:290)
	at java.base/java.util.concurrent.CountedCompleter.exec(CountedCompleter.java:746)
	at java.base/java.util.concurrent.ForkJoinTask.doExec(ForkJoinTask.java:290)
	at java.base/java.util.concurrent.ForkJoinTask.doInvoke(ForkJoinTask.java:408)
	at java.base/java.util.concurrent.ForkJoinTask.invoke(ForkJoinTask.java:736)
	at java.base/java.util.stream.ForEachOps$ForEachOp.evaluateParallel(ForEachOps.java:159)
	at java.base/java.util.stream.ForEachOps$ForEachOp$OfRef.evaluateParallel(ForEachOps.java:173)
	at java.base/java.util.stream.AbstractPipeline.evaluate(AbstractPipeline.java:233)
	at java.base/java.util.stream.ReferencePipeline.forEach(ReferencePipeline.java:497)
	at java.base/java.util.stream.ReferencePipeline$Head.forEach(ReferencePipeline.java:661)
	at tools.descartes.dlim.httploadgenerator.runner.Director.process(Director.java:180)
	at tools.descartes.dlim.httploadgenerator.runner.Director.executeDirector(Director.java:122)
	at tools.descartes.dlim.httploadgenerator.runner.cli.DirectorCommand.run(DirectorCommand.java:114)
	at tools.descartes.dlim.httploadgenerator.runner.Main.main(Main.java:87)
